  Source.cpp
C:\Users\nohc2\OneDrive\바탕 화면\대학활동\2학년\2학년 2학기\컴퓨터 그래픽스\3DOpenGLStandard0\3DOpenGLStandard0\SpaceMath.h(159,10): warning C4101: 'save' :참조되지 않은 지역 변수입니다.
C:\Users\nohc2\OneDrive\바탕 화면\대학활동\2학년\2학년 2학기\컴퓨터 그래픽스\3DOpenGLStandard0\3DOpenGLStandard0\SpaceMath.h(423,9): warning C4244: '초기화 중': 'float'에서 'int'(으)로 변환하면서 데이터가 손실될 수 있습니다.
C:\Users\nohc2\OneDrive\바탕 화면\대학활동\2학년\2학년 2학기\컴퓨터 그래픽스\3DOpenGLStandard0\3DOpenGLStandard0\SpaceMath.h(427,9): warning C4244: '초기화 중': 'float'에서 'int'(으)로 변환하면서 데이터가 손실될 수 있습니다.
C:\Users\nohc2\OneDrive\바탕 화면\대학활동\2학년\2학년 2학기\컴퓨터 그래픽스\3DOpenGLStandard0\3DOpenGLStandard0\SpaceMath.h(551,20): warning C4018: '<': signed 또는 unsigned가 일치하지 않습니다.
C:\Users\nohc2\OneDrive\바탕 화면\대학활동\2학년\2학년 2학기\컴퓨터 그래픽스\3DOpenGLStandard0\3DOpenGLStandard0\SpaceMath.h(724,20): warning C4018: '<': signed 또는 unsigned가 일치하지 않습니다.
C:\Users\nohc2\OneDrive\바탕 화면\대학활동\2학년\2학년 2학기\컴퓨터 그래픽스\3DOpenGLStandard0\3DOpenGLStandard0\SpaceMath.h(731,21): warning C4018: '<': signed 또는 unsigned가 일치하지 않습니다.
C:\Users\nohc2\OneDrive\바탕 화면\대학활동\2학년\2학년 2학기\컴퓨터 그래픽스\3DOpenGLStandard0\3DOpenGLStandard0\SpaceMath.h(735,22): warning C4018: '<': signed 또는 unsigned가 일치하지 않습니다.
C:\Users\nohc2\OneDrive\바탕 화면\대학활동\2학년\2학년 2학기\컴퓨터 그래픽스\3DOpenGLStandard0\3DOpenGLStandard0\SpaceMath.h(851,20): warning C4018: '<': signed 또는 unsigned가 일치하지 않습니다.
C:\Users\nohc2\OneDrive\바탕 화면\대학활동\2학년\2학년 2학기\컴퓨터 그래픽스\3DOpenGLStandard0\3DOpenGLStandard0\SpaceMath.h(858,22): warning C4018: '<': signed 또는 unsigned가 일치하지 않습니다.
C:\Users\nohc2\OneDrive\바탕 화면\대학활동\2학년\2학년 2학기\컴퓨터 그래픽스\3DOpenGLStandard0\3DOpenGLStandard0\SpaceMath.h(870,20): warning C4018: '<': signed 또는 unsigned가 일치하지 않습니다.
C:\Users\nohc2\OneDrive\바탕 화면\대학활동\2학년\2학년 2학기\컴퓨터 그래픽스\3DOpenGLStandard0\3DOpenGLStandard0\FreeMem.h(92,10): warning C4244: '=': 'double'에서 'byte8'(으)로 변환하면서 데이터가 손실될 수 있습니다.
C:\Users\nohc2\OneDrive\바탕 화면\대학활동\2학년\2학년 2학기\컴퓨터 그래픽스\3DOpenGLStandard0\3DOpenGLStandard0\FreeMem.h(98,10): warning C4244: '초기화 중': 'double'에서 'int'(으)로 변환하면서 데이터가 손실될 수 있습니다.
C:\Users\nohc2\OneDrive\바탕 화면\대학활동\2학년\2학년 2학기\컴퓨터 그래픽스\3DOpenGLStandard0\3DOpenGLStandard0\FreeMem.h(166,22): warning C4018: '<': signed 또는 unsigned가 일치하지 않습니다.
C:\Users\nohc2\OneDrive\바탕 화면\대학활동\2학년\2학년 2학기\컴퓨터 그래픽스\3DOpenGLStandard0\3DOpenGLStandard0\FreeMem.h(173,24): warning C4018: '<': signed 또는 unsigned가 일치하지 않습니다.
C:\Users\nohc2\OneDrive\바탕 화면\대학활동\2학년\2학년 2학기\컴퓨터 그래픽스\3DOpenGLStandard0\3DOpenGLStandard0\FreeMem.h(178,25): warning C4018: '<': signed 또는 unsigned가 일치하지 않습니다.
C:\Users\nohc2\OneDrive\바탕 화면\대학활동\2학년\2학년 2학기\컴퓨터 그래픽스\3DOpenGLStandard0\3DOpenGLStandard0\FreeMem.h(200,21): warning C4018: '<': signed 또는 unsigned가 일치하지 않습니다.
C:\Users\nohc2\OneDrive\바탕 화면\대학활동\2학년\2학년 2학기\컴퓨터 그래픽스\3DOpenGLStandard0\3DOpenGLStandard0\FreeMem.h(210,21): warning C4018: '<': signed 또는 unsigned가 일치하지 않습니다.
C:\Users\nohc2\OneDrive\바탕 화면\대학활동\2학년\2학년 2학기\컴퓨터 그래픽스\3DOpenGLStandard0\3DOpenGLStandard0\FreeMem.h(222,21): warning C4018: '<': signed 또는 unsigned가 일치하지 않습니다.
C:\Users\nohc2\OneDrive\바탕 화면\대학활동\2학년\2학년 2학기\컴퓨터 그래픽스\3DOpenGLStandard0\3DOpenGLStandard0\FreeMem.h(232,21): warning C4018: '<': signed 또는 unsigned가 일치하지 않습니다.
C:\Users\nohc2\OneDrive\바탕 화면\대학활동\2학년\2학년 2학기\컴퓨터 그래픽스\3DOpenGLStandard0\3DOpenGLStandard0\FreeMem.h(245,21): warning C4018: '<': signed 또는 unsigned가 일치하지 않습니다.
C:\Users\nohc2\OneDrive\바탕 화면\대학활동\2학년\2학년 2학기\컴퓨터 그래픽스\3DOpenGLStandard0\3DOpenGLStandard0\Source.cpp(70,2): warning C4091: 'typedef ': 변수를 선언하지 않으면 'vec3uint' 왼쪽은 무시됩니다.
C:\Users\nohc2\OneDrive\바탕 화면\대학활동\2학년\2학년 2학기\컴퓨터 그래픽스\3DOpenGLStandard0\3DOpenGLStandard0\Source.cpp(78,2): warning C4091: 'typedef ': 변수를 선언하지 않으면 'vertexData' 왼쪽은 무시됩니다.
C:\Users\nohc2\OneDrive\바탕 화면\대학활동\2학년\2학년 2학기\컴퓨터 그래픽스\3DOpenGLStandard0\3DOpenGLStandard0\Source.cpp(108,2): warning C4091: 'typedef ': 변수를 선언하지 않으면 'GLShapeOrigin' 왼쪽은 무시됩니다.
C:\Users\nohc2\OneDrive\바탕 화면\대학활동\2학년\2학년 2학기\컴퓨터 그래픽스\3DOpenGLStandard0\3DOpenGLStandard0\Source.cpp(812,22): warning C4018: '<': signed 또는 unsigned가 일치하지 않습니다.
C:\Users\nohc2\OneDrive\바탕 화면\대학활동\2학년\2학년 2학기\컴퓨터 그래픽스\3DOpenGLStandard0\3DOpenGLStandard0\Source.cpp(867,22): warning C4018: '<': signed 또는 unsigned가 일치하지 않습니다.
C:\Users\nohc2\OneDrive\바탕 화면\대학활동\2학년\2학년 2학기\컴퓨터 그래픽스\3DOpenGLStandard0\3DOpenGLStandard0\Source.cpp(912,22): warning C4018: '<': signed 또는 unsigned가 일치하지 않습니다.
C:\Users\nohc2\OneDrive\바탕 화면\대학활동\2학년\2학년 2학기\컴퓨터 그래픽스\3DOpenGLStandard0\3DOpenGLStandard0\Source.cpp(1008,25): warning C4018: '<': signed 또는 unsigned가 일치하지 않습니다.
C:\Users\nohc2\OneDrive\바탕 화면\대학활동\2학년\2학년 2학기\컴퓨터 그래픽스\3DOpenGLStandard0\3DOpenGLStandard0\Source.cpp(1024,25): warning C4018: '<': signed 또는 unsigned가 일치하지 않습니다.
C:\Users\nohc2\OneDrive\바탕 화면\대학활동\2학년\2학년 2학기\컴퓨터 그래픽스\3DOpenGLStandard0\3DOpenGLStandard0\Source.cpp(1040,25): warning C4018: '<': signed 또는 unsigned가 일치하지 않습니다.
C:\Users\nohc2\OneDrive\바탕 화면\대학활동\2학년\2학년 2학기\컴퓨터 그래픽스\3DOpenGLStandard0\3DOpenGLStandard0\Source.cpp(1057,25): warning C4018: '<': signed 또는 unsigned가 일치하지 않습니다.
C:\Users\nohc2\OneDrive\바탕 화면\대학활동\2학년\2학년 2학기\컴퓨터 그래픽스\3DOpenGLStandard0\3DOpenGLStandard0\Source.cpp(1065,25): warning C4018: '<': signed 또는 unsigned가 일치하지 않습니다.
C:\Users\nohc2\OneDrive\바탕 화면\대학활동\2학년\2학년 2학기\컴퓨터 그래픽스\3DOpenGLStandard0\3DOpenGLStandard0\Source.cpp(1073,25): warning C4018: '<': signed 또는 unsigned가 일치하지 않습니다.
C:\Users\nohc2\OneDrive\바탕 화면\대학활동\2학년\2학년 2학기\컴퓨터 그래픽스\3DOpenGLStandard0\3DOpenGLStandard0\Source.cpp(1097,25): warning C4018: '>': signed 또는 unsigned가 일치하지 않습니다.
C:\Users\nohc2\OneDrive\바탕 화면\대학활동\2학년\2학년 2학기\컴퓨터 그래픽스\3DOpenGLStandard0\3DOpenGLStandard0\Source.cpp(1157,25): warning C4018: '>': signed 또는 unsigned가 일치하지 않습니다.
C:\Users\nohc2\OneDrive\바탕 화면\대학활동\2학년\2학년 2학기\컴퓨터 그래픽스\3DOpenGLStandard0\3DOpenGLStandard0\Source.cpp(1215,25): warning C4018: '>': signed 또는 unsigned가 일치하지 않습니다.
C:\Users\nohc2\OneDrive\바탕 화면\대학활동\2학년\2학년 2학기\컴퓨터 그래픽스\3DOpenGLStandard0\3DOpenGLStandard0\Source.cpp(1288,22): warning C4018: '<': signed 또는 unsigned가 일치하지 않습니다.
C:\Users\nohc2\OneDrive\바탕 화면\대학활동\2학년\2학년 2학기\컴퓨터 그래픽스\3DOpenGLStandard0\3DOpenGLStandard0\Source.cpp(1383,25): warning C4018: '<': signed 또는 unsigned가 일치하지 않습니다.
C:\Users\nohc2\OneDrive\바탕 화면\대학활동\2학년\2학년 2학기\컴퓨터 그래픽스\3DOpenGLStandard0\3DOpenGLStandard0\Source.cpp(1393,25): warning C4018: '<': signed 또는 unsigned가 일치하지 않습니다.
C:\Users\nohc2\OneDrive\바탕 화면\대학활동\2학년\2학년 2학기\컴퓨터 그래픽스\3DOpenGLStandard0\3DOpenGLStandard0\Source.cpp(1403,25): warning C4018: '<': signed 또는 unsigned가 일치하지 않습니다.
C:\Users\nohc2\OneDrive\바탕 화면\대학활동\2학년\2학년 2학기\컴퓨터 그래픽스\3DOpenGLStandard0\3DOpenGLStandard0\Source.cpp(1414,25): warning C4018: '<': signed 또는 unsigned가 일치하지 않습니다.
C:\Users\nohc2\OneDrive\바탕 화면\대학활동\2학년\2학년 2학기\컴퓨터 그래픽스\3DOpenGLStandard0\3DOpenGLStandard0\Source.cpp(1422,25): warning C4018: '<': signed 또는 unsigned가 일치하지 않습니다.
C:\Users\nohc2\OneDrive\바탕 화면\대학활동\2학년\2학년 2학기\컴퓨터 그래픽스\3DOpenGLStandard0\3DOpenGLStandard0\Source.cpp(1430,25): warning C4018: '<': signed 또는 unsigned가 일치하지 않습니다.
C:\Users\nohc2\OneDrive\바탕 화면\대학활동\2학년\2학년 2학기\컴퓨터 그래픽스\3DOpenGLStandard0\3DOpenGLStandard0\Source.cpp(1907,22): warning C4018: '<': signed 또는 unsigned가 일치하지 않습니다.
C:\Users\nohc2\OneDrive\바탕 화면\대학활동\2학년\2학년 2학기\컴퓨터 그래픽스\3DOpenGLStandard0\3DOpenGLStandard0\Source.cpp(1956,22): warning C4018: '<': signed 또는 unsigned가 일치하지 않습니다.
C:\Users\nohc2\OneDrive\바탕 화면\대학활동\2학년\2학년 2학기\컴퓨터 그래픽스\3DOpenGLStandard0\3DOpenGLStandard0\Source.cpp(2230,22): warning C4018: '<': signed 또는 unsigned가 일치하지 않습니다.
C:\Users\nohc2\OneDrive\바탕 화면\대학활동\2학년\2학년 2학기\컴퓨터 그래픽스\3DOpenGLStandard0\3DOpenGLStandard0\Source.cpp(2279,22): warning C4018: '<': signed 또는 unsigned가 일치하지 않습니다.
C:\Users\nohc2\OneDrive\바탕 화면\대학활동\2학년\2학년 2학기\컴퓨터 그래픽스\3DOpenGLStandard0\3DOpenGLStandard0\Source.cpp(2431,2): warning C4091: 'typedef ': 변수를 선언하지 않으면 'AnimKey' 왼쪽은 무시됩니다.
C:\Users\nohc2\OneDrive\바탕 화면\대학활동\2학년\2학년 2학기\컴퓨터 그래픽스\3DOpenGLStandard0\3DOpenGLStandard0\Source.cpp(2464,21): warning C4018: '<': signed 또는 unsigned가 일치하지 않습니다.
C:\Users\nohc2\OneDrive\바탕 화면\대학활동\2학년\2학년 2학기\컴퓨터 그래픽스\3DOpenGLStandard0\3DOpenGLStandard0\Source.cpp(2480,21): warning C4018: '<': signed 또는 unsigned가 일치하지 않습니다.
C:\Users\nohc2\OneDrive\바탕 화면\대학활동\2학년\2학년 2학기\컴퓨터 그래픽스\3DOpenGLStandard0\3DOpenGLStandard0\Source.cpp(2481,22): warning C4018: '<': signed 또는 unsigned가 일치하지 않습니다.
C:\Users\nohc2\OneDrive\바탕 화면\대학활동\2학년\2학년 2학기\컴퓨터 그래픽스\3DOpenGLStandard0\3DOpenGLStandard0\Source.cpp(2483,27): warning C4018: '<': signed 또는 unsigned가 일치하지 않습니다.
C:\Users\nohc2\OneDrive\바탕 화면\대학활동\2학년\2학년 2학기\컴퓨터 그래픽스\3DOpenGLStandard0\3DOpenGLStandard0\Source.cpp(2507,21): warning C4018: '<': signed 또는 unsigned가 일치하지 않습니다.
C:\Users\nohc2\OneDrive\바탕 화면\대학활동\2학년\2학년 2학기\컴퓨터 그래픽스\3DOpenGLStandard0\3DOpenGLStandard0\Source.cpp(2544,22): warning C4018: '<': signed 또는 unsigned가 일치하지 않습니다.
C:\Users\nohc2\OneDrive\바탕 화면\대학활동\2학년\2학년 2학기\컴퓨터 그래픽스\3DOpenGLStandard0\3DOpenGLStandard0\Source.cpp(2572,21): warning C4018: '<': signed 또는 unsigned가 일치하지 않습니다.
C:\Users\nohc2\OneDrive\바탕 화면\대학활동\2학년\2학년 2학기\컴퓨터 그래픽스\3DOpenGLStandard0\3DOpenGLStandard0\Source.cpp(2574,22): warning C4018: '<': signed 또는 unsigned가 일치하지 않습니다.
C:\Users\nohc2\OneDrive\바탕 화면\대학활동\2학년\2학년 2학기\컴퓨터 그래픽스\3DOpenGLStandard0\3DOpenGLStandard0\Source.cpp(2592,21): warning C4018: '<': signed 또는 unsigned가 일치하지 않습니다.
C:\Users\nohc2\OneDrive\바탕 화면\대학활동\2학년\2학년 2학기\컴퓨터 그래픽스\3DOpenGLStandard0\3DOpenGLStandard0\Source.cpp(2599,22): warning C4018: '<': signed 또는 unsigned가 일치하지 않습니다.
C:\Users\nohc2\OneDrive\바탕 화면\대학활동\2학년\2학년 2학기\컴퓨터 그래픽스\3DOpenGLStandard0\3DOpenGLStandard0\Source.cpp(2664,21): warning C4018: '<': signed 또는 unsigned가 일치하지 않습니다.
C:\Users\nohc2\OneDrive\바탕 화면\대학활동\2학년\2학년 2학기\컴퓨터 그래픽스\3DOpenGLStandard0\3DOpenGLStandard0\Source.cpp(2673,21): warning C4018: '<': signed 또는 unsigned가 일치하지 않습니다.
C:\Users\nohc2\OneDrive\바탕 화면\대학활동\2학년\2학년 2학기\컴퓨터 그래픽스\3DOpenGLStandard0\3DOpenGLStandard0\Source.cpp(2683,21): warning C4018: '<': signed 또는 unsigned가 일치하지 않습니다.
C:\Users\nohc2\OneDrive\바탕 화면\대학활동\2학년\2학년 2학기\컴퓨터 그래픽스\3DOpenGLStandard0\3DOpenGLStandard0\Source.cpp(2686,22): warning C4018: '<': signed 또는 unsigned가 일치하지 않습니다.
C:\Users\nohc2\OneDrive\바탕 화면\대학활동\2학년\2학년 2학기\컴퓨터 그래픽스\3DOpenGLStandard0\3DOpenGLStandard0\Source.cpp(2695,21): warning C4018: '<': signed 또는 unsigned가 일치하지 않습니다.
C:\Users\nohc2\OneDrive\바탕 화면\대학활동\2학년\2학년 2학기\컴퓨터 그래픽스\3DOpenGLStandard0\3DOpenGLStandard0\Source.cpp(2713,21): warning C4018: '<': signed 또는 unsigned가 일치하지 않습니다.
C:\Users\nohc2\OneDrive\바탕 화면\대학활동\2학년\2학년 2학기\컴퓨터 그래픽스\3DOpenGLStandard0\3DOpenGLStandard0\Source.cpp(2720,21): warning C4018: '<': signed 또는 unsigned가 일치하지 않습니다.
C:\Users\nohc2\OneDrive\바탕 화면\대학활동\2학년\2학년 2학기\컴퓨터 그래픽스\3DOpenGLStandard0\3DOpenGLStandard0\Source.cpp(2729,21): warning C4018: '<': signed 또는 unsigned가 일치하지 않습니다.
C:\Users\nohc2\OneDrive\바탕 화면\대학활동\2학년\2학년 2학기\컴퓨터 그래픽스\3DOpenGLStandard0\3DOpenGLStandard0\Source.cpp(2849,2): warning C4091: 'typedef ': 변수를 선언하지 않으면 'NPCScript' 왼쪽은 무시됩니다.
C:\Users\nohc2\OneDrive\바탕 화면\대학활동\2학년\2학년 2학기\컴퓨터 그래픽스\3DOpenGLStandard0\3DOpenGLStandard0\Source.cpp(3062,23): warning C4018: '<': signed 또는 unsigned가 일치하지 않습니다.
C:\Users\nohc2\OneDrive\바탕 화면\대학활동\2학년\2학년 2학기\컴퓨터 그래픽스\3DOpenGLStandard0\3DOpenGLStandard0\Source.cpp(3241,12): warning C4244: '초기화 중': 'LONG'에서 'float'(으)로 변환하면서 데이터가 손실될 수 있습니다.
C:\Users\nohc2\OneDrive\바탕 화면\대학활동\2학년\2학년 2학기\컴퓨터 그래픽스\3DOpenGLStandard0\3DOpenGLStandard0\Source.cpp(3242,12): warning C4244: '초기화 중': 'LONG'에서 'float'(으)로 변환하면서 데이터가 손실될 수 있습니다.
C:\Users\nohc2\OneDrive\바탕 화면\대학활동\2학년\2학년 2학기\컴퓨터 그래픽스\3DOpenGLStandard0\3DOpenGLStandard0\Source.cpp(3402,23): warning C4018: '<': signed 또는 unsigned가 일치하지 않습니다.
C:\Users\nohc2\OneDrive\바탕 화면\대학활동\2학년\2학년 2학기\컴퓨터 그래픽스\3DOpenGLStandard0\3DOpenGLStandard0\Source.cpp(3585,23): warning C4018: '<': signed 또는 unsigned가 일치하지 않습니다.
C:\Users\nohc2\OneDrive\바탕 화면\대학활동\2학년\2학년 2학기\컴퓨터 그래픽스\3DOpenGLStandard0\3DOpenGLStandard0\Source.cpp(3656,1): warning C4305: '인수': 'double'에서 'float'(으)로 잘립니다.
C:\Users\nohc2\OneDrive\바탕 화면\대학활동\2학년\2학년 2학기\컴퓨터 그래픽스\3DOpenGLStandard0\3DOpenGLStandard0\Source.cpp(3817,2): warning C4091: 'typedef ': 변수를 선언하지 않으면 'collidRelation' 왼쪽은 무시됩니다.
C:\Users\nohc2\OneDrive\바탕 화면\대학활동\2학년\2학년 2학기\컴퓨터 그래픽스\3DOpenGLStandard0\3DOpenGLStandard0\Source.cpp(3825,2): warning C4091: 'typedef ': 변수를 선언하지 않으면 'PostObjData' 왼쪽은 무시됩니다.
C:\Users\nohc2\OneDrive\바탕 화면\대학활동\2학년\2학년 2학기\컴퓨터 그래픽스\3DOpenGLStandard0\3DOpenGLStandard0\Source.cpp(3833,2): warning C4091: 'typedef ': 변수를 선언하지 않으면 'Hitbox' 왼쪽은 무시됩니다.
C:\Users\nohc2\OneDrive\바탕 화면\대학활동\2학년\2학년 2학기\컴퓨터 그래픽스\3DOpenGLStandard0\3DOpenGLStandard0\Source.cpp(3903,21): warning C4018: '<': signed 또는 unsigned가 일치하지 않습니다.
C:\Users\nohc2\OneDrive\바탕 화면\대학활동\2학년\2학년 2학기\컴퓨터 그래픽스\3DOpenGLStandard0\3DOpenGLStandard0\Source.cpp(3911,22): warning C4018: '<': signed 또는 unsigned가 일치하지 않습니다.
C:\Users\nohc2\OneDrive\바탕 화면\대학활동\2학년\2학년 2학기\컴퓨터 그래픽스\3DOpenGLStandard0\3DOpenGLStandard0\Source.cpp(3917,29): warning C4018: '<': signed 또는 unsigned가 일치하지 않습니다.
C:\Users\nohc2\OneDrive\바탕 화면\대학활동\2학년\2학년 2학기\컴퓨터 그래픽스\3DOpenGLStandard0\3DOpenGLStandard0\Source.cpp(3957,24): warning C4018: '<': signed 또는 unsigned가 일치하지 않습니다.
C:\Users\nohc2\OneDrive\바탕 화면\대학활동\2학년\2학년 2학기\컴퓨터 그래픽스\3DOpenGLStandard0\3DOpenGLStandard0\Source.cpp(3981,13): warning C4244: '초기화 중': 'LONG'에서 'float'(으)로 변환하면서 데이터가 손실될 수 있습니다.
C:\Users\nohc2\OneDrive\바탕 화면\대학활동\2학년\2학년 2학기\컴퓨터 그래픽스\3DOpenGLStandard0\3DOpenGLStandard0\Source.cpp(3982,13): warning C4244: '초기화 중': 'LONG'에서 'float'(으)로 변환하면서 데이터가 손실될 수 있습니다.
C:\Users\nohc2\OneDrive\바탕 화면\대학활동\2학년\2학년 2학기\컴퓨터 그래픽스\3DOpenGLStandard0\3DOpenGLStandard0\Source.cpp(4029,22): warning C4018: '<': signed 또는 unsigned가 일치하지 않습니다.
C:\Users\nohc2\OneDrive\바탕 화면\대학활동\2학년\2학년 2학기\컴퓨터 그래픽스\3DOpenGLStandard0\3DOpenGLStandard0\Source.cpp(4033,24): warning C4018: '<': signed 또는 unsigned가 일치하지 않습니다.
C:\Users\nohc2\OneDrive\바탕 화면\대학활동\2학년\2학년 2학기\컴퓨터 그래픽스\3DOpenGLStandard0\3DOpenGLStandard0\Source.cpp(4085,21): warning C4018: '<': signed 또는 unsigned가 일치하지 않습니다.
C:\Users\nohc2\OneDrive\바탕 화면\대학활동\2학년\2학년 2학기\컴퓨터 그래픽스\3DOpenGLStandard0\3DOpenGLStandard0\Source.cpp(4098,22): warning C4018: '<': signed 또는 unsigned가 일치하지 않습니다.
C:\Users\nohc2\OneDrive\바탕 화면\대학활동\2학년\2학년 2학기\컴퓨터 그래픽스\3DOpenGLStandard0\3DOpenGLStandard0\Source.cpp(4231,53): warning C4018: '<': signed 또는 unsigned가 일치하지 않습니다.
C:\Users\nohc2\OneDrive\바탕 화면\대학활동\2학년\2학년 2학기\컴퓨터 그래픽스\3DOpenGLStandard0\3DOpenGLStandard0\Source.cpp(4349,25): warning C4018: '<': signed 또는 unsigned가 일치하지 않습니다.
C:\Users\nohc2\OneDrive\바탕 화면\대학활동\2학년\2학년 2학기\컴퓨터 그래픽스\3DOpenGLStandard0\3DOpenGLStandard0\Source.cpp(4849,24): warning C4018: '<': signed 또는 unsigned가 일치하지 않습니다.
C:\Users\nohc2\OneDrive\바탕 화면\대학활동\2학년\2학년 2학기\컴퓨터 그래픽스\3DOpenGLStandard0\3DOpenGLStandard0\Source.cpp(4934,25): warning C4018: '<': signed 또는 unsigned가 일치하지 않습니다.
C:\Users\nohc2\OneDrive\바탕 화면\대학활동\2학년\2학년 2학기\컴퓨터 그래픽스\3DOpenGLStandard0\3DOpenGLStandard0\Source.cpp(4967,36): warning C4018: '<': signed 또는 unsigned가 일치하지 않습니다.
C:\Users\nohc2\OneDrive\바탕 화면\대학활동\2학년\2학년 2학기\컴퓨터 그래픽스\3DOpenGLStandard0\3DOpenGLStandard0\Source.cpp(5115,24): warning C4018: '<': signed 또는 unsigned가 일치하지 않습니다.
C:\Users\nohc2\OneDrive\바탕 화면\대학활동\2학년\2학년 2학기\컴퓨터 그래픽스\3DOpenGLStandard0\3DOpenGLStandard0\Source.cpp(5127,68): warning C4018: '<': signed 또는 unsigned가 일치하지 않습니다.
C:\Users\nohc2\OneDrive\바탕 화면\대학활동\2학년\2학년 2학기\컴퓨터 그래픽스\3DOpenGLStandard0\3DOpenGLStandard0\Source.cpp(5169,25): warning C4018: '<': signed 또는 unsigned가 일치하지 않습니다.
C:\Users\nohc2\OneDrive\바탕 화면\대학활동\2학년\2학년 2학기\컴퓨터 그래픽스\3DOpenGLStandard0\3DOpenGLStandard0\Source.cpp(5172,18): warning C4244: '=': 'int'에서 'float'(으)로 변환하면서 데이터가 손실될 수 있습니다.
C:\Users\nohc2\OneDrive\바탕 화면\대학활동\2학년\2학년 2학기\컴퓨터 그래픽스\3DOpenGLStandard0\3DOpenGLStandard0\Source.cpp(5196,26): warning C4244: '=': 'int'에서 'float'(으)로 변환하면서 데이터가 손실될 수 있습니다.
C:\Users\nohc2\OneDrive\바탕 화면\대학활동\2학년\2학년 2학기\컴퓨터 그래픽스\3DOpenGLStandard0\3DOpenGLStandard0\Source.cpp(5204,26): warning C4018: '<': signed 또는 unsigned가 일치하지 않습니다.
C:\Users\nohc2\OneDrive\바탕 화면\대학활동\2학년\2학년 2학기\컴퓨터 그래픽스\3DOpenGLStandard0\3DOpenGLStandard0\Source.cpp(5215,26): warning C4244: '=': 'int'에서 'float'(으)로 변환하면서 데이터가 손실될 수 있습니다.
C:\Users\nohc2\OneDrive\바탕 화면\대학활동\2학년\2학년 2학기\컴퓨터 그래픽스\3DOpenGLStandard0\3DOpenGLStandard0\Source.cpp(5223,26): warning C4018: '<': signed 또는 unsigned가 일치하지 않습니다.
C:\Users\nohc2\OneDrive\바탕 화면\대학활동\2학년\2학년 2학기\컴퓨터 그래픽스\3DOpenGLStandard0\3DOpenGLStandard0\Source.cpp(5237,25): warning C4018: '<': signed 또는 unsigned가 일치하지 않습니다.
C:\Users\nohc2\OneDrive\바탕 화면\대학활동\2학년\2학년 2학기\컴퓨터 그래픽스\3DOpenGLStandard0\3DOpenGLStandard0\Source.cpp(5238,26): warning C4018: '<': signed 또는 unsigned가 일치하지 않습니다.
C:\Users\nohc2\OneDrive\바탕 화면\대학활동\2학년\2학년 2학기\컴퓨터 그래픽스\3DOpenGLStandard0\3DOpenGLStandard0\Source.cpp(5250,21): warning C4018: '<': signed 또는 unsigned가 일치하지 않습니다.
C:\Users\nohc2\OneDrive\바탕 화면\대학활동\2학년\2학년 2학기\컴퓨터 그래픽스\3DOpenGLStandard0\3DOpenGLStandard0\Source.cpp(5298,34): warning C4018: '<': signed 또는 unsigned가 일치하지 않습니다.
C:\Users\nohc2\OneDrive\바탕 화면\대학활동\2학년\2학년 2학기\컴퓨터 그래픽스\3DOpenGLStandard0\3DOpenGLStandard0\Source.cpp(5323,21): warning C4018: '<': signed 또는 unsigned가 일치하지 않습니다.
C:\Users\nohc2\OneDrive\바탕 화면\대학활동\2학년\2학년 2학기\컴퓨터 그래픽스\3DOpenGLStandard0\3DOpenGLStandard0\Source.cpp(5340,21): warning C4018: '<': signed 또는 unsigned가 일치하지 않습니다.
C:\Users\nohc2\OneDrive\바탕 화면\대학활동\2학년\2학년 2학기\컴퓨터 그래픽스\3DOpenGLStandard0\3DOpenGLStandard0\Source.cpp(5350,21): warning C4018: '<': signed 또는 unsigned가 일치하지 않습니다.
C:\Users\nohc2\OneDrive\바탕 화면\대학활동\2학년\2학년 2학기\컴퓨터 그래픽스\3DOpenGLStandard0\3DOpenGLStandard0\Source.cpp(5360,21): warning C4018: '<': signed 또는 unsigned가 일치하지 않습니다.
C:\Users\nohc2\OneDrive\바탕 화면\대학활동\2학년\2학년 2학기\컴퓨터 그래픽스\3DOpenGLStandard0\3DOpenGLStandard0\Source.cpp(5424,21): warning C4018: '<': signed 또는 unsigned가 일치하지 않습니다.
C:\Users\nohc2\OneDrive\바탕 화면\대학활동\2학년\2학년 2학기\컴퓨터 그래픽스\3DOpenGLStandard0\3DOpenGLStandard0\Source.cpp(5473,21): warning C4018: '<': signed 또는 unsigned가 일치하지 않습니다.
C:\Users\nohc2\OneDrive\바탕 화면\대학활동\2학년\2학년 2학기\컴퓨터 그래픽스\3DOpenGLStandard0\3DOpenGLStandard0\Source.cpp(6075,20): warning C4018: '<': signed 또는 unsigned가 일치하지 않습니다.
C:\Users\nohc2\OneDrive\바탕 화면\대학활동\2학년\2학년 2학기\컴퓨터 그래픽스\3DOpenGLStandard0\3DOpenGLStandard0\Source.cpp(6164,20): warning C4018: '<': signed 또는 unsigned가 일치하지 않습니다.
C:\Users\nohc2\OneDrive\바탕 화면\대학활동\2학년\2학년 2학기\컴퓨터 그래픽스\3DOpenGLStandard0\3DOpenGLStandard0\Source.cpp(6195,14): warning C4101: 'ps' :참조되지 않은 지역 변수입니다.
C:\Users\nohc2\OneDrive\바탕 화면\대학활동\2학년\2학년 2학기\컴퓨터 그래픽스\3DOpenGLStandard0\3DOpenGLStandard0\Source.cpp(6354,36): warning C4244: '=': 'float'에서 'int'(으)로 변환하면서 데이터가 손실될 수 있습니다.
C:\Users\nohc2\OneDrive\바탕 화면\대학활동\2학년\2학년 2학기\컴퓨터 그래픽스\3DOpenGLStandard0\3DOpenGLStandard0\Source.cpp(6368,27): warning C4244: '=': 'FT_Int'에서 'float'(으)로 변환하면서 데이터가 손실될 수 있습니다.
C:\Users\nohc2\OneDrive\바탕 화면\대학활동\2학년\2학년 2학기\컴퓨터 그래픽스\3DOpenGLStandard0\3DOpenGLStandard0\Source.cpp(6372,53): warning C4244: '=': 'unsigned int'에서 'float'(으)로 변환하면서 데이터가 손실될 수 있습니다.
C:\Users\nohc2\OneDrive\바탕 화면\대학활동\2학년\2학년 2학기\컴퓨터 그래픽스\3DOpenGLStandard0\3DOpenGLStandard0\Source.cpp(6377,27): warning C4244: '=': 'int'에서 'float'(으)로 변환하면서 데이터가 손실될 수 있습니다.
C:\Users\nohc2\OneDrive\바탕 화면\대학활동\2학년\2학년 2학기\컴퓨터 그래픽스\3DOpenGLStandard0\3DOpenGLStandard0\Source.cpp(6380,27): warning C4244: '=': 'FT_Int'에서 'float'(으)로 변환하면서 데이터가 손실될 수 있습니다.
C:\Users\nohc2\OneDrive\바탕 화면\대학활동\2학년\2학년 2학기\컴퓨터 그래픽스\3DOpenGLStandard0\3DOpenGLStandard0\Source.cpp(6386,37): warning C4244: '=': 'int'에서 'float'(으)로 변환하면서 데이터가 손실될 수 있습니다.
C:\Users\nohc2\OneDrive\바탕 화면\대학활동\2학년\2학년 2학기\컴퓨터 그래픽스\3DOpenGLStandard0\3DOpenGLStandard0\Source.cpp(6389,53): warning C4244: '=': 'unsigned int'에서 'float'(으)로 변환하면서 데이터가 손실될 수 있습니다.
C:\Users\nohc2\OneDrive\바탕 화면\대학활동\2학년\2학년 2학기\컴퓨터 그래픽스\3DOpenGLStandard0\3DOpenGLStandard0\Source.cpp(6441,9): warning C4244: '초기화 중': 'float'에서 'int'(으)로 변환하면서 데이터가 손실될 수 있습니다.
C:\Users\nohc2\OneDrive\바탕 화면\대학활동\2학년\2학년 2학기\컴퓨터 그래픽스\3DOpenGLStandard0\3DOpenGLStandard0\Source.cpp(6502,15): warning C4244: '=': 'float'에서 'int'(으)로 변환하면서 데이터가 손실될 수 있습니다.
C:\Users\nohc2\OneDrive\바탕 화면\대학활동\2학년\2학년 2학기\컴퓨터 그래픽스\3DOpenGLStandard0\3DOpenGLStandard0\Source.cpp(6503,15): warning C4244: '=': 'float'에서 'int'(으)로 변환하면서 데이터가 손실될 수 있습니다.
C:\Users\nohc2\OneDrive\바탕 화면\대학활동\2학년\2학년 2학기\컴퓨터 그래픽스\3DOpenGLStandard0\3DOpenGLStandard0\Source.cpp(6517,49): warning C4244: '인수': 'int'에서 'float'(으)로 변환하면서 데이터가 손실될 수 있습니다.
C:\Users\nohc2\OneDrive\바탕 화면\대학활동\2학년\2학년 2학기\컴퓨터 그래픽스\3DOpenGLStandard0\3DOpenGLStandard0\Source.cpp(6517,36): warning C4244: '인수': 'int'에서 'float'(으)로 변환하면서 데이터가 손실될 수 있습니다.
C:\Users\nohc2\OneDrive\바탕 화면\대학활동\2학년\2학년 2학기\컴퓨터 그래픽스\3DOpenGLStandard0\3DOpenGLStandard0\Source.cpp(6518,61): warning C4244: '인수': 'int'에서 'float'(으)로 변환하면서 데이터가 손실될 수 있습니다.
C:\Users\nohc2\OneDrive\바탕 화면\대학활동\2학년\2학년 2학기\컴퓨터 그래픽스\3DOpenGLStandard0\3DOpenGLStandard0\Source.cpp(6518,43): warning C4244: '인수': 'int'에서 'float'(으)로 변환하면서 데이터가 손실될 수 있습니다.
C:\Users\nohc2\OneDrive\바탕 화면\대학활동\2학년\2학년 2학기\컴퓨터 그래픽스\3DOpenGLStandard0\3DOpenGLStandard0\Source.cpp(6519,109): warning C4244: '인수': 'int'에서 'float'(으)로 변환하면서 데이터가 손실될 수 있습니다.
C:\Users\nohc2\OneDrive\바탕 화면\대학활동\2학년\2학년 2학기\컴퓨터 그래픽스\3DOpenGLStandard0\3DOpenGLStandard0\Source.cpp(6519,93): warning C4244: '인수': 'int'에서 'float'(으)로 변환하면서 데이터가 손실될 수 있습니다.
C:\Users\nohc2\OneDrive\바탕 화면\대학활동\2학년\2학년 2학기\컴퓨터 그래픽스\3DOpenGLStandard0\3DOpenGLStandard0\Source.cpp(6519,70): warning C4244: '인수': 'int'에서 'float'(으)로 변환하면서 데이터가 손실될 수 있습니다.
C:\Users\nohc2\OneDrive\바탕 화면\대학활동\2학년\2학년 2학기\컴퓨터 그래픽스\3DOpenGLStandard0\3DOpenGLStandard0\Source.cpp(6519,46): warning C4244: '인수': 'int'에서 'float'(으)로 변환하면서 데이터가 손실될 수 있습니다.
C:\Users\nohc2\OneDrive\바탕 화면\대학활동\2학년\2학년 2학기\컴퓨터 그래픽스\3DOpenGLStandard0\3DOpenGLStandard0\Source.cpp(6524,20): warning C4244: '=': 'float'에서 'int'(으)로 변환하면서 데이터가 손실될 수 있습니다.
C:\Users\nohc2\OneDrive\바탕 화면\대학활동\2학년\2학년 2학기\컴퓨터 그래픽스\3DOpenGLStandard0\3DOpenGLStandard0\Source.cpp(6525,19): warning C4244: '=': 'float'에서 'int'(으)로 변환하면서 데이터가 손실될 수 있습니다.
C:\Users\nohc2\OneDrive\바탕 화면\대학활동\2학년\2학년 2학기\컴퓨터 그래픽스\3DOpenGLStandard0\3DOpenGLStandard0\Source.cpp(6530,22): warning C4244: '=': 'float'에서 'int'(으)로 변환하면서 데이터가 손실될 수 있습니다.
C:\Users\nohc2\OneDrive\바탕 화면\대학활동\2학년\2학년 2학기\컴퓨터 그래픽스\3DOpenGLStandard0\3DOpenGLStandard0\Source.cpp(6533,33): warning C4244: '=': 'float'에서 'int'(으)로 변환하면서 데이터가 손실될 수 있습니다.
C:\Users\nohc2\OneDrive\바탕 화면\대학활동\2학년\2학년 2학기\컴퓨터 그래픽스\3DOpenGLStandard0\3DOpenGLStandard0\Source.cpp(6536,18): warning C4244: '=': 'float'에서 'int'(으)로 변환하면서 데이터가 손실될 수 있습니다.
C:\Users\nohc2\OneDrive\바탕 화면\대학활동\2학년\2학년 2학기\컴퓨터 그래픽스\3DOpenGLStandard0\3DOpenGLStandard0\Source.cpp(6539,19): warning C4244: '=': 'float'에서 'int'(으)로 변환하면서 데이터가 손실될 수 있습니다.
C:\Users\nohc2\OneDrive\바탕 화면\대학활동\2학년\2학년 2학기\컴퓨터 그래픽스\3DOpenGLStandard0\3DOpenGLStandard0\Source.cpp(6623,50): warning C4244: '인수': 'int'에서 'float'(으)로 변환하면서 데이터가 손실될 수 있습니다.
C:\Users\nohc2\OneDrive\바탕 화면\대학활동\2학년\2학년 2학기\컴퓨터 그래픽스\3DOpenGLStandard0\3DOpenGLStandard0\Source.cpp(6623,37): warning C4244: '인수': 'int'에서 'float'(으)로 변환하면서 데이터가 손실될 수 있습니다.
C:\Users\nohc2\OneDrive\바탕 화면\대학활동\2학년\2학년 2학기\컴퓨터 그래픽스\3DOpenGLStandard0\3DOpenGLStandard0\Source.cpp(6624,62): warning C4244: '인수': 'int'에서 'float'(으)로 변환하면서 데이터가 손실될 수 있습니다.
C:\Users\nohc2\OneDrive\바탕 화면\대학활동\2학년\2학년 2학기\컴퓨터 그래픽스\3DOpenGLStandard0\3DOpenGLStandard0\Source.cpp(6624,44): warning C4244: '인수': 'int'에서 'float'(으)로 변환하면서 데이터가 손실될 수 있습니다.
C:\Users\nohc2\OneDrive\바탕 화면\대학활동\2학년\2학년 2학기\컴퓨터 그래픽스\3DOpenGLStandard0\3DOpenGLStandard0\Source.cpp(6625,110): warning C4244: '인수': 'int'에서 'float'(으)로 변환하면서 데이터가 손실될 수 있습니다.
C:\Users\nohc2\OneDrive\바탕 화면\대학활동\2학년\2학년 2학기\컴퓨터 그래픽스\3DOpenGLStandard0\3DOpenGLStandard0\Source.cpp(6625,94): warning C4244: '인수': 'int'에서 'float'(으)로 변환하면서 데이터가 손실될 수 있습니다.
C:\Users\nohc2\OneDrive\바탕 화면\대학활동\2학년\2학년 2학기\컴퓨터 그래픽스\3DOpenGLStandard0\3DOpenGLStandard0\Source.cpp(6625,71): warning C4244: '인수': 'int'에서 'float'(으)로 변환하면서 데이터가 손실될 수 있습니다.
C:\Users\nohc2\OneDrive\바탕 화면\대학활동\2학년\2학년 2학기\컴퓨터 그래픽스\3DOpenGLStandard0\3DOpenGLStandard0\Source.cpp(6625,47): warning C4244: '인수': 'int'에서 'float'(으)로 변환하면서 데이터가 손실될 수 있습니다.
C:\Users\nohc2\OneDrive\바탕 화면\대학활동\2학년\2학년 2학기\컴퓨터 그래픽스\3DOpenGLStandard0\3DOpenGLStandard0\Source.cpp(6628,20): warning C4244: '=': 'float'에서 'int'(으)로 변환하면서 데이터가 손실될 수 있습니다.
C:\Users\nohc2\OneDrive\바탕 화면\대학활동\2학년\2학년 2학기\컴퓨터 그래픽스\3DOpenGLStandard0\3DOpenGLStandard0\Source.cpp(6629,19): warning C4244: '=': 'float'에서 'int'(으)로 변환하면서 데이터가 손실될 수 있습니다.
C:\Users\nohc2\OneDrive\바탕 화면\대학활동\2학년\2학년 2학기\컴퓨터 그래픽스\3DOpenGLStandard0\3DOpenGLStandard0\Source.cpp(6634,22): warning C4244: '=': 'float'에서 'int'(으)로 변환하면서 데이터가 손실될 수 있습니다.
C:\Users\nohc2\OneDrive\바탕 화면\대학활동\2학년\2학년 2학기\컴퓨터 그래픽스\3DOpenGLStandard0\3DOpenGLStandard0\Source.cpp(6637,33): warning C4244: '=': 'float'에서 'int'(으)로 변환하면서 데이터가 손실될 수 있습니다.
C:\Users\nohc2\OneDrive\바탕 화면\대학활동\2학년\2학년 2학기\컴퓨터 그래픽스\3DOpenGLStandard0\3DOpenGLStandard0\Source.cpp(6640,18): warning C4244: '=': 'float'에서 'int'(으)로 변환하면서 데이터가 손실될 수 있습니다.
C:\Users\nohc2\OneDrive\바탕 화면\대학활동\2학년\2학년 2학기\컴퓨터 그래픽스\3DOpenGLStandard0\3DOpenGLStandard0\Source.cpp(6643,19): warning C4244: '=': 'float'에서 'int'(으)로 변환하면서 데이터가 손실될 수 있습니다.
C:\Users\nohc2\OneDrive\바탕 화면\대학활동\2학년\2학년 2학기\컴퓨터 그래픽스\3DOpenGLStandard0\3DOpenGLStandard0\Source.cpp(6657,32): warning C4244: '인수': 'int'에서 'GLfloat'(으)로 변환하면서 데이터가 손실될 수 있습니다.
C:\Users\nohc2\OneDrive\바탕 화면\대학활동\2학년\2학년 2학기\컴퓨터 그래픽스\3DOpenGLStandard0\3DOpenGLStandard0\Source.cpp(6657,22): warning C4244: '인수': 'int'에서 'GLfloat'(으)로 변환하면서 데이터가 손실될 수 있습니다.
C:\Users\nohc2\OneDrive\바탕 화면\대학활동\2학년\2학년 2학기\컴퓨터 그래픽스\3DOpenGLStandard0\3DOpenGLStandard0\Source.cpp(6685,20): warning C4018: '<': signed 또는 unsigned가 일치하지 않습니다.
C:\Users\nohc2\OneDrive\바탕 화면\대학활동\2학년\2학년 2학기\컴퓨터 그래픽스\3DOpenGLStandard0\3DOpenGLStandard0\FreeMem.h(289,22): warning C4018: '<': signed 또는 unsigned가 일치하지 않습니다.
C:\Users\nohc2\OneDrive\바탕 화면\대학활동\2학년\2학년 2학기\컴퓨터 그래픽스\3DOpenGLStandard0\3DOpenGLStandard0\FreeMem.h(281): message : 클래스 템플릿 멤버 함수 'void InfiniteArray<PostObjData>::Init(size_t)'을(를) 컴파일하는 중입니다.
C:\Users\nohc2\OneDrive\바탕 화면\대학활동\2학년\2학년 2학기\컴퓨터 그래픽스\3DOpenGLStandard0\3DOpenGLStandard0\Source.cpp(5263): message : 컴파일되는 함수 템플릿 인스턴스화 'void InfiniteArray<PostObjData>::Init(size_t)'에 대한 참조를 확인하세요.
C:\Users\nohc2\OneDrive\바탕 화면\대학활동\2학년\2학년 2학기\컴퓨터 그래픽스\3DOpenGLStandard0\3DOpenGLStandard0\Source.cpp(3872): message : 컴파일되는 클래스 템플릿 인스턴스화 'InfiniteArray<PostObjData>'에 대한 참조를 확인하세요.
C:\Users\nohc2\OneDrive\바탕 화면\대학활동\2학년\2학년 2학기\컴퓨터 그래픽스\3DOpenGLStandard0\3DOpenGLStandard0\FreeMem.h(344,21): warning C4018: '<': signed 또는 unsigned가 일치하지 않습니다.
C:\Users\nohc2\OneDrive\바탕 화면\대학활동\2학년\2학년 2학기\컴퓨터 그래픽스\3DOpenGLStandard0\3DOpenGLStandard0\FreeMem.h(341): message : 클래스 템플릿 멤버 함수 'void InfiniteArray<Animation>::SetVPTR(void)'을(를) 컴파일하는 중입니다.
C:\Users\nohc2\OneDrive\바탕 화면\대학활동\2학년\2학년 2학기\컴퓨터 그래픽스\3DOpenGLStandard0\3DOpenGLStandard0\Source.cpp(5008): message : 컴파일되는 함수 템플릿 인스턴스화 'void InfiniteArray<Animation>::SetVPTR(void)'에 대한 참조를 확인하세요.
C:\Users\nohc2\OneDrive\바탕 화면\대학활동\2학년\2학년 2학기\컴퓨터 그래픽스\3DOpenGLStandard0\3DOpenGLStandard0\Source.cpp(2629): message : 컴파일되는 클래스 템플릿 인스턴스화 'InfiniteArray<Animation>'에 대한 참조를 확인하세요.
  코드를 생성하고 있습니다.
  15 of 920 functions ( 1.6%) were compiled, the rest were copied from previous compilation.
    0 functions were new in current compilation
    20 functions had inline decision re-evaluated but remain unchanged
  코드를 생성했습니다.
  3DOpenGLStandard0.vcxproj -> C:\Users\nohc2\OneDrive\바탕 화면\대학활동\2학년\2학년 2학기\컴퓨터 그래픽스\3DOpenGLStandard0\Release\3DOpenGLStandard0.exe
